Determining if the pthread_create exist failed with the following output:
Change Dir: /home/dmz/Baidu/iLQR_barrier_function/build/CMakeFiles/CMakeTmp

Run Build Command:"/usr/bin/make" "cmTC_269f4/fast"
/usr/bin/make -f CMakeFiles/cmTC_269f4.dir/build.make CMakeFiles/cmTC_269f4.dir/build
make[1]: Entering directory '/home/dmz/Baidu/iLQR_barrier_function/build/CMakeFiles/CMakeTmp'
Building C object CMakeFiles/cmTC_269f4.dir/CheckSymbolExists.c.o
/usr/bin/gcc    -o CMakeFiles/cmTC_269f4.dir/CheckSymbolExists.c.o   -c /home/dmz/Baidu/iLQR_barrier_function/build/CMakeFiles/CMakeTmp/CheckSymbolExists.c
Linking C executable cmTC_269f4
/opt/cmake-3.12.2/bin/cmake -E cmake_link_script CMakeFiles/cmTC_269f4.dir/link.txt --verbose=1
/usr/bin/gcc      CMakeFiles/cmTC_269f4.dir/CheckSymbolExists.c.o  -o cmTC_269f4 
CMakeFiles/cmTC_269f4.dir/CheckSymbolExists.c.o: In function `main':
CheckSymbolExists.c:(.text+0x1b): undefined reference to `pthread_create'
collect2: error: ld returned 1 exit status
CMakeFiles/cmTC_269f4.dir/build.make:86: recipe for target 'cmTC_269f4' failed
make[1]: *** [cmTC_269f4] Error 1
make[1]: Leaving directory '/home/dmz/Baidu/iLQR_barrier_function/build/CMakeFiles/CMakeTmp'
Makefile:121: recipe for target 'cmTC_269f4/fast' failed
make: *** [cmTC_269f4/fast] Error 2

File /home/dmz/Baidu/iLQR_barrier_function/build/CMakeFiles/CMakeTmp/CheckSymbolExists.c:
/* */
#include <pthread.h>

int main(int argc, char** argv)
{
  (void)argv;
#ifndef pthread_create
  return ((int*)(&pthread_create))[argc];
#else
  (void)argc;
  return 0;
#endif
}

Determining if the function pthread_create exists in the pthreads failed with the following output:
Change Dir: /home/dmz/Baidu/iLQR_barrier_function/build/CMakeFiles/CMakeTmp

Run Build Command:"/usr/bin/make" "cmTC_816bb/fast"
/usr/bin/make -f CMakeFiles/cmTC_816bb.dir/build.make CMakeFiles/cmTC_816bb.dir/build
make[1]: Entering directory '/home/dmz/Baidu/iLQR_barrier_function/build/CMakeFiles/CMakeTmp'
Building C object CMakeFiles/cmTC_816bb.dir/CheckFunctionExists.c.o
/usr/bin/gcc   -DCHECK_FUNCTION_EXISTS=pthread_create   -o CMakeFiles/cmTC_816bb.dir/CheckFunctionExists.c.o   -c /opt/cmake-3.12.2/share/cmake-3.12/Modules/CheckFunctionExists.c
Linking C executable cmTC_816bb
/opt/cmake-3.12.2/bin/cmake -E cmake_link_script CMakeFiles/cmTC_816bb.dir/link.txt --verbose=1
/usr/bin/gcc  -DCHECK_FUNCTION_EXISTS=pthread_create    CMakeFiles/cmTC_816bb.dir/CheckFunctionExists.c.o  -o cmTC_816bb -lpthreads 
/usr/bin/ld: cannot find -lpthreads
collect2: error: ld returned 1 exit status
CMakeFiles/cmTC_816bb.dir/build.make:86: recipe for target 'cmTC_816bb' failed
make[1]: *** [cmTC_816bb] Error 1
make[1]: Leaving directory '/home/dmz/Baidu/iLQR_barrier_function/build/CMakeFiles/CMakeTmp'
Makefile:121: recipe for target 'cmTC_816bb/fast' failed
make: *** [cmTC_816bb/fast] Error 2


Performing C SOURCE FILE Test CMAKE_HAVE_LIBC_PTHREAD failed with the following output:
Change Dir: /home/dmz/Baidu/iLQR_barrier_function/build/CMakeFiles/CMakeScratch/TryCompile-3EOIeO

Run Build Command(s):/home/dmz/anaconda3/bin/ninja cmTC_07ef8 && [1/2] Building C object CMakeFiles/cmTC_07ef8.dir/src.c.o
[2/2] Linking C executable cmTC_07ef8
FAILED: cmTC_07ef8 
: && /usr/bin/gcc   CMakeFiles/cmTC_07ef8.dir/src.c.o -o cmTC_07ef8   && :
CMakeFiles/cmTC_07ef8.dir/src.c.o: In function `main':
src.c:(.text+0x3e): undefined reference to `pthread_create'
src.c:(.text+0x4a): undefined reference to `pthread_detach'
src.c:(.text+0x56): undefined reference to `pthread_cancel'
src.c:(.text+0x67): undefined reference to `pthread_join'
src.c:(.text+0x7b): undefined reference to `pthread_atfork'
collect2: error: ld returned 1 exit status
ninja: build stopped: subcommand failed.


Source file was:
#include <pthread.h>

static void* test_func(void* data)
{
  return data;
}

int main(void)
{
  pthread_t thread;
  pthread_create(&thread, NULL, test_func, NULL);
  pthread_detach(thread);
  pthread_cancel(thread);
  pthread_join(thread, NULL);
  pthread_atfork(NULL, NULL, NULL);
  pthread_exit(NULL);

  return 0;
}


Determining if the function pthread_create exists in the pthreads failed with the following output:
Change Dir: /home/dmz/Baidu/iLQR_barrier_function/build/CMakeFiles/CMakeScratch/TryCompile-0xCwb1

Run Build Command(s):/home/dmz/anaconda3/bin/ninja cmTC_17c1e && [1/2] Building C object CMakeFiles/cmTC_17c1e.dir/CheckFunctionExists.c.o
[2/2] Linking C executable cmTC_17c1e
FAILED: cmTC_17c1e 
: && /usr/bin/gcc -DCHECK_FUNCTION_EXISTS=pthread_create  CMakeFiles/cmTC_17c1e.dir/CheckFunctionExists.c.o -o cmTC_17c1e  -lpthreads && :
/usr/bin/ld: cannot find -lpthreads
collect2: error: ld returned 1 exit status
ninja: build stopped: subcommand failed.



